'''
{"sender_bypass_whiteblacklist":[],
"actor_whitelist":[],
"actor_blacklist":[],
"contract_whitelist":[],
"contract_blacklist":[],
"action_blacklist":[],
"key_blacklist":[],
"blocks_dir":"/Users/newworld/dev/uuos2/build/programs/dd/blocks",
"state_dir":"/Users/newworld/dev/uuos2/build/programs/dd/state",
"state_size":1073741824,
"state_guard_size":134217728,
"reversible_cache_size":356515840,
"reversible_guard_size":2097152,
"sig_cpu_bill_pct":5000,
"thread_pool_size":2,
"read_only":false,
"force_all_checks":false,
"disable_replay_opts":false,
"contracts_console":false,
"allow_ram_billing_in_notify":false,
"disable_all_subjective_mitigations":false,
"uuos_mainnet":true,
"genesis_accounts_file":"",
"genesis":{
    "initial_timestamp":"2018-06-01T12:00:00.000",
    "initial_key":"EOS6MRyAjQq8ud7hVNYcfnVPJqcVpscN5So8BhtHuGYqET5GDW5CV",
    "initial_configuration":{
        "max_block_net_usage":1048576,
        "target_block_net_usage_pct":1000,
        "max_transaction_net_usage":524288,
        "base_per_transaction_net_usage":12,
        "net_usage_leeway":500,
        "context_free_discount_net_usage_num":20,
        "context_free_discount_net_usage_den":100,
        "max_block_cpu_usage":200000,
        "target_block_cpu_usage_pct":1000,
        "max_transaction_cpu_usage":150000,
        "min_transaction_cpu_usage":100,
        "max_transaction_lifetime":3600,
        "deferred_trx_expiration_window":600,
        "max_transaction_delay":3888000,
        "max_inline_action_size":4096,
        "max_inline_action_depth":4,
        "max_authority_depth":6
    }
},
"wasm_runtime":"wabt",
"read_mode":"SPECULATIVE",
"block_validation_mode":"FULL",
"db_map_mode":"mapped",
"db_hugepage_paths":[],
"resource_greylist":[],
"trusted_producers":[],
"greylist_limit":1000
}
'''

{
    "sender_bypass_whiteblacklist": [],
    "actor_whitelist": [],
    "actor_blacklist": [],
    "contract_whitelist": [],
    "contract_blacklist": [],
    "action_blacklist": [],
    "key_blacklist": [],
    "blocks_dir": "/Users/newworld/dev/uuos2/build/programs/dd/blocks",
    "state_dir": "/Users/newworld/dev/uuos2/build/programs/dd/state",
    "state_size": 1073741824,
    "state_guard_size": 134217728,
    "reversible_cache_size": 356515840,
    "reversible_guard_size": 2097152,
    "sig_cpu_bill_pct": 5000,
    "thread_pool_size": 2,
    "read_only": false,
    "force_all_checks": false,
    "disable_replay_opts": false,
    "contracts_console": false,
    "allow_ram_billing_in_notify": false,
    "disable_all_subjective_mitigations": false,
    "uuos_mainnet": true,
    "genesis_accounts_file": "",
    "genesis": {
        "initial_timestamp": "2018-06-01T12:00:00.000",
        "initial_key": "EOS6MRyAjQq8ud7hVNYcfnVPJqcVpscN5So8BhtHuGYqET5GDW5CV",
        "initial_configuration": {
            "max_block_net_usage": 1048576,
            "target_block_net_usage_pct": 1000,
            "max_transaction_net_usage": 524288,
            "base_per_transaction_net_usage": 12,
            "net_usage_leeway": 500,
            "context_free_discount_net_usage_num": 20,
            "context_free_discount_net_usage_den": 100,
            "max_block_cpu_usage": 200000,
            "target_block_cpu_usage_pct": 1000,
            "max_transaction_cpu_usage": 150000,
            "min_transaction_cpu_usage": 100,
            "max_transaction_lifetime": 3600,
            "deferred_trx_expiration_window": 600,
            "max_transaction_delay": 3888000,
            "max_inline_action_size": 4096,
            "max_inline_action_depth": 4,
            "max_authority_depth": 6
        }
    },
    "wasm_runtime": "wabt",
    "read_mode": "SPECULATIVE",
    "block_validation_mode": "FULL",
    "db_map_mode": "mapped",
    "db_hugepage_paths": [],
    "resource_greylist": [],
    "trusted_producers": [],
    "greylist_limit": 1000
}

